$ storybook build -o storybook-static

┌  Building storybook v10.2.16
│
◇  Cleaning outputDir: storybook-static
│
◇  Loading presets
│
▲  Could not resolve addon "./addons/theme-switcher/manager", skipping.
│  Is it installed?
│
▲  Could not resolve addon "./addons/theme-switcher/manager", skipping.
│  Is it installed?
│
◇  Building manager..
│
●  Building preview..
│  Vite vite v6.4.1 building for production...
│  Vite transforming...
│
●  Copying static files: public at storybook-static
│  Vite ✓ 2310 modules transformed.
│  Vite rendering chunks...
│  Vite computing gzip size...
│  Vite storybook-static/iframe.html
│  18.60 kB │ gzip:   5.24 kB
│  Vite storybook-static/assets/iframe-CVCFXyGW.css
│  0.44 kB │ gzip:   0.26 kB
│  Vite storybook-static/assets/mergeCallbacks-B2q13ruS.js
│  0.08 kB │ gzip:   0.09 kB
│  Vite storybook-static/assets/useHasParentContext-5Z1WptxQ.js
│  0.13 kB │ gzip:   0.14 kB
│  Vite storybook-static/assets/chunk-16-BXfdgcpx.js
│  0.14 kB │ gzip:   0.14 kB
│  Vite storybook-static/assets/isResolvedShorthand-CzFHqubC.js
│  0.15 kB │ gzip:   0.15 kB
│  Vite storybook-static/assets/useFirstMount-C2z0CsxS.js
│  0.16 kB │ gzip:   0.15 kB
│  Vite storybook-static/assets/AvatarContext-C_5lSzKA.js
│  0.18 kB │ gzip:   0.17 kB
│  Vite storybook-static/assets/formatter-EIJCOSYU-BQPxIwMQ.js
│  0.18 kB │ gzip:   0.17 kB
│  Vite storybook-static/assets/linkContext-Dd5DJatR.js
│  0.19 kB │ gzip:   0.17 kB
│  Vite storybook-static/assets/AzureServiceIcon-CvPfWdsl.js
│  0.21 kB │ gzip:   0.19 kB
│  Vite storybook-static/assets/chunk-0-CxJ5K01p.js
│  0.24 kB │ gzip:   0.21 kB
│  Vite storybook-static/assets/Button-CgJgAHVX.js
│  0.25 kB │ gzip:   0.20 kB
│  Vite storybook-static/assets/useTimeout-BwGVfe4J.js
│  0.25 kB │ gzip:   0.21 kB
│  Vite storybook-static/assets/useEventCallback-CZyUJcoa.js
│  0.26 kB │ gzip:   0.21 kB
│  Vite storybook-static/assets/useKeyborgRef-DRaTwd21.js
│  0.27 kB │ gzip:   0.22 kB
│  Vite storybook-static/assets/useAnimationFrame-4TrpOjNm.js
│  0.27 kB │ gzip:   0.23 kB
│  Vite storybook-static/assets/keys-DpWla1D9.js
│  0.29 kB │ gzip:   0.20 kB
│  Vite storybook-static/assets/mergeArrowOffset-Cw61puCo.js
│  0.29 kB │ gzip:   0.20 kB
│  Vite storybook-static/assets/useBrowserTimer-CPkG56EK.js
│  0.31 kB │ gzip:   0.21 kB
│  Vite storybook-static/assets/MotionRefForwarder-DZz0uqqK.js
│  0.35 kB │ gzip:   0.23 kB
│  Vite storybook-static/assets/__resetStyles.esm-DMyR6BqY.js
│  0.36 kB │ gzip:   0.24 kB
│  Vite storybook-static/assets/Input-g5m5LQsB.js
│  0.37 kB │ gzip:   0.26 kB
│  Vite storybook-static/assets/useFocusableGroup-DYd2ul2t.js
│  0.38 kB │ gzip:   0.25 kB
│  Vite storybook-static/assets/chunk-13-BqCt8OPd.js
│  0.39 kB │ gzip:   0.26 kB
│  Vite storybook-static/assets/index-BVm9HsMh.js
│  0.46 kB │ gzip:   0.30 kB
│  Vite storybook-static/assets/chunk-26-DC0piWpn.js
│  0.47 kB │ gzip:   0.30 kB
│  Vite storybook-static/assets/__styles.esm-JSwncfsn.js
│  0.48 kB │ gzip:   0.30 kB
│  Vite storybook-static/assets/useControllableState-Drev-CAL.js
│  0.51 kB │ gzip:   0.28 kB
│  Vite storybook-static/assets/useModalAttributes-DG3mq0po.js
│  0.53 kB │ gzip:   0.36 kB
│  Vite storybook-static/assets/renderBadge-DPNWxujf.js
│  0.54 kB │ gzip:   0.32 kB
│  Vite storybook-static/assets/useArrowNavigationGroup-CtI0WFCv.js
│  0.54 kB │ gzip:   0.34 kB
│  Vite storybook-static/assets/chunk-10-CnPJT5Lu.js
│  0.59 kB │ gzip:   0.35 kB
│  Vite storybook-static/assets/chunk-21-BgChd5Ra.js
│  0.63 kB │ gzip:   0.36 kB
│  Vite storybook-static/assets/getTriggerChild-Blzim36A.js
│  0.65 kB │ gzip:   0.39 kB
│  Vite storybook-static/assets/chunk-18-BRBrlhS-.js
│  0.70 kB │ gzip:   0.41 kB
│  Vite storybook-static/assets/useFocusWithin-D5ldaGd0.js
│  0.75 kB │ gzip:   0.43 kB
│  Vite storybook-static/assets/chunk-28-CkeTUZpC.js
│  0.79 kB │ gzip:   0.37 kB
│  Vite storybook-static/assets/react-18-DEXD_da4.js
│  0.90 kB │ gzip:   0.51 kB
│  Vite storybook-static/assets/chunk-20-CrvSsnpm.js
│  0.91 kB │ gzip:   0.50 kB
│  Vite storybook-static/assets/chunk-9-CwfnSQ6N.js
│  0.93 kB │ gzip:   0.45 kB
│  Vite storybook-static/assets/useFieldControlProps-Bwlt5ITU.js
│  0.96 kB │ gzip:   0.54 kB
│  Vite storybook-static/assets/useFocusFinders-BbVINQ1u.js
│  0.99 kB │ gzip:   0.40 kB
│  Vite storybook-static/assets/chunk-6-BX9gzwcq.js
│  1.01 kB │ gzip:   0.53 kB
│  Vite storybook-static/assets/chunk-27-CaxRK2zv.js
│  1.10 kB │ gzip:   0.55 kB
│  Vite storybook-static/assets/DocsRenderer-LL677BLK-DoK0Yrz5.js
│  1.23 kB │ gzip:   0.67 kB
│  Vite storybook-static/assets/chunk-21-BbkI8pdv.js
│  1.25 kB │ gzip:   0.61 kB
│  Vite storybook-static/assets/createFluentIcon-bITMn7E4.js
│  1.26 kB │ gzip:   0.77 kB
│  Vite storybook-static/assets/preload-helper-Dp1pzeXC.js
│  1.27 kB │ gzip:   0.73 kB
│  Vite storybook-static/assets/chunk-24-CWyA-HBP.js
│  1.28 kB │ gzip:   0.60 kB
│  Vite storybook-static/assets/chunk-1-C83eamNM.js
│  1.30 kB │ gzip:   0.55 kB
│  Vite storybook-static/assets/chunk-25-D73d5Ppi.js
│  1.34 kB │ gzip:   0.61 kB
│  Vite storybook-static/assets/Shadows.stories-spcBPjaD.js
│  1.54 kB │ gzip:   0.81 kB
│  Vite storybook-static/assets/chunk-11-BPUS6CM_.js
│  1.66 kB │ gzip:   0.72 kB
│  Vite storybook-static/assets/chunk-4-Vz-7jVwk.js
│  1.70 kB │ gzip:   0.73 kB
│  Vite storybook-static/assets/chunk-24-C-6NqHCW.js
│  1.76 kB │ gzip:   0.76 kB
│  Vite storybook-static/assets/Spacing.stories-DBflDzgf.js
│  1.93 kB │ gzip:   0.85 kB
│  Vite storybook-static/assets/PageHeader-Bt3J4zJ8.js
│  2.05 kB │ gzip:   0.85 kB
│  Vite storybook-static/assets/Label-DBmSG-zF.js
│  2.06 kB │ gzip:   0.97 kB
│  Vite storybook-static/assets/usePositioningMouseTarget-v2P0fMNo.js
│  2.07 kB │ gzip:   1.09 kB
│  Vite storybook-static/assets/useOnClickOutside-VUVy8oWt.js
│  2.09 kB │ gzip:   0.89 kB
│  Vite storybook-static/assets/chunk-10-BD8V_QxB.js
│  2.19 kB │ gzip:   1.02 kB
│  Vite storybook-static/assets/Colors.stories-CSwhcoMT.js
│  2.29 kB │ gzip:   1.04 kB
│  Vite storybook-static/assets/AzureBreadcrumb.stories-Ch7Od5GW.js
│  2.62 kB │ gzip:   1.09 kB
│  Vite storybook-static/assets/chunk-28-B8vLyY9M.js
│  2.65 kB │ gzip:   1.05 kB
│  Vite storybook-static/assets/Portal-BM8Typ8A.js
│  2.79 kB │ gzip:   1.31 kB
│  Vite storybook-static/assets/coherenceTokens-BNGYN7NK.js
│  2.81 kB │ gzip:   1.16 kB
│  Vite storybook-static/assets/CardButton-BYcPZDWf.js
│  2.83 kB │ gzip:   1.22 kB
│  Vite storybook-static/assets/tokens-BRQuY5pj.js
│  3.03 kB │ gzip:   0.55 kB
│  Vite storybook-static/assets/StatusCard.stories-B1FUTG9t.js
│  3.04 kB │ gzip:   1.29 kB
│  Vite storybook-static/assets/Typography.stories-BmsRnrZa.js
│  3.08 kB │ gzip:   1.24 kB
│  Vite storybook-static/assets/DataDisplay.stories-C4INS9Fs.js
│  3.70 kB │ gzip:   1.71 kB
│  Vite storybook-static/assets/Checkbox.stories-lAqOY3Br.js
│  3.86 kB │ gzip:   1.49 kB
│  Vite storybook-static/assets/Spinner.stories-BxTEJ_j9.js
│  4.09 kB │ gzip:   1.42 kB
│  Vite storybook-static/assets/SearchBanner.stories-CPhB9Y1G.js
│  4.24 kB │ gzip:   1.69 kB
│  Vite storybook-static/assets/Dropdown.stories-Dy8Q3XI7.js
│  4.38 kB │ gzip:   1.55 kB
│  Vite storybook-static/assets/Text-B7ZYe2wB.js
│  4.46 kB │ gzip:   1.62 kB
│  Vite storybook-static/assets/SREGlobalHeader-3ckjDpC3.js
│  4.50 kB │ gzip:   1.71 kB
│  Vite storybook-static/assets/PresenceBadge-BJc8f42M.js
│  4.71 kB │ gzip:   1.83 kB
│  Vite storybook-static/assets/SREGlobalHeader.stories-Bsq6JrUs.js
│  4.71 kB │ gzip:   1.76 kB
│  Vite storybook-static/assets/index.esm-DaveaI0F.js
│  4.85 kB │ gzip:   1.64 kB
│  Vite storybook-static/assets/useContextSelector-uJnT_MJ3.js
│  4.89 kB │ gzip:   2.20 kB
│  Vite storybook-static/assets/ProgressBar-B-nQOWS1.js
│  4.91 kB │ gzip:   2.00 kB
│  Vite storybook-static/assets/StylingBestPractices-BABhMe14.js
│  4.92 kB │ gzip:   1.83 kB
│  Vite storybook-static/assets/GettingStarted-BRf1GIj0.js
│  4.96 kB │ gzip:   1.75 kB
│  Vite storybook-static/assets/FilterPill-BmbehX-e.js
│  4.96 kB │ gzip:   1.79 kB
│  Vite storybook-static/assets/TokenUsage-DpTqsfao.js
│  5.03 kB │ gzip:   1.79 kB
│  Vite storybook-static/assets/RadioGroup.stories-B8dPbPN7.js
│  5.27 kB │ gzip:   2.03 kB
│  Vite storybook-static/assets/Link-DOsYmnXO.js
│  5.32 kB │ gzip:   2.16 kB
│  Vite storybook-static/assets/Tooltip.stories-BttHvw8h.js
│  5.33 kB │ gzip:   1.86 kB
│  Vite storybook-static/assets/AzureGlobalHeader.stories-CaaGdR9X.js
│  5.36 kB │ gzip:   2.12 kB
│  Vite storybook-static/assets/SearchBox-C5y59sVA.js
│  5.36 kB │ gzip:   2.02 kB
│  Vite storybook-static/assets/PagePatterns-B5v3q6e_.js
│  5.47 kB │ gzip:   1.92 kB
│  Vite storybook-static/assets/NullState.stories-DL2K0J9M.js
│  5.53 kB │ gzip:   1.95 kB
│  Vite storybook-static/assets/Avatar.stories-DmsYqlnd.js
│  5.74 kB │ gzip:   1.89 kB
│  Vite storybook-static/assets/ProgressBar.stories-DK8aUN-D.js
│  5.82 kB │ gzip:   1.56 kB
│  Vite storybook-static/assets/DataGrid.stories-tg82ruxb.js
│  5.94 kB │ gzip:   2.22 kB
│  Vite storybook-static/assets/Field-8nn5jNlN.js
│  6.08 kB │ gzip:   2.23 kB
│  Vite storybook-static/assets/Badge.stories-CFzMmM4t.js
│  6.34 kB │ gzip:   2.10 kB
│  Vite storybook-static/assets/fade-atom-tg1I75Ei.js
│  6.54 kB │ gzip:   2.80 kB
│  Vite storybook-static/assets/FilterBar.stories-CsRVZDnQ.js
│  6.58 kB │ gzip:   2.33 kB
│  Vite storybook-static/assets/CardButton.stories-DZtzjybB.js
│  6.79 kB │ gzip:   2.21 kB
│  Vite storybook-static/assets/SupportPage.stories-BXzD9XsX.js
│  6.89 kB │ gzip:   2.31 kB
│  Vite storybook-static/assets/CopilotSuggestionsBar-BofyfaMo.js
│  7.05 kB │ gzip:   2.71 kB
│  Vite storybook-static/assets/PageTitleBar.stories-D8sqQVgw.js
│  7.40 kB │ gzip:   2.27 kB
│  Vite storybook-static/assets/chunk-22-CqjFK9t2.js
│  7.56 kB │ gzip:   2.21 kB
│  Vite storybook-static/assets/SideNavigation-DEnfR1KD.js
│  7.59 kB │ gzip:   2.33 kB
│  Vite storybook-static/assets/CommandBar-BU4y8xv9.js
│  8.02 kB │ gzip:   2.85 kB
│  Vite storybook-static/assets/AzureBreadcrumb-5--HbJxE.js
│  8.11 kB │ gzip:   2.90 kB
│  Vite storybook-static/assets/FilterPill.stories-CLlcJT_0.js
│  8.18 kB │ gzip:   2.63 kB
│  Vite storybook-static/assets/AzureGlobalHeader-BhttGcTZ.js
│  8.27 kB │ gzip:   2.72 kB
│  Vite storybook-static/assets/useDividerStyles.styles-DSyeZgKT.js
│  8.50 kB │ gzip:   2.73 kB
│  Vite storybook-static/assets/InfoTable.stories-CLO0Gd7m.js
│  8.63 kB │ gzip:   2.69 kB
│  Vite storybook-static/assets/Tooltip-Cs-UPGid.js
│  8.67 kB │ gzip:   3.69 kB
│  Vite storybook-static/assets/FeatureCardsPage.stories-BOleHp0Z.js
│  9.12 kB │ gzip:   2.78 kB
│  Vite storybook-static/assets/Checkbox-Dwdmfe4W.js
│  9.38 kB │ gzip:   3.09 kB
│  Vite storybook-static/assets/EssentialsPanel.stories-BRqy_OMQ.js
│  9.42 kB │ gzip:   2.76 kB
│  Vite storybook-static/assets/MessageBarBody-C4KTCeh_.js
│  9.48 kB │ gzip:   3.32 kB
│  Vite storybook-static/assets/MessageBar.stories-DlYj-0Ni.js
│  9.60 kB │ gzip:   2.91 kB
│  Vite storybook-static/assets/Spinner-D12r7fvH.js
│  9.64 kB │ gzip:   2.72 kB
│  Vite storybook-static/assets/SREContainerLayouts.stories-DiIZFLOS.js
│  9.97 kB │ gzip:   3.15 kB
│  Vite storybook-static/assets/Radio-CKnhh9hX.js
│  9.99 kB │ gzip:   2.53 kB
│  Vite storybook-static/assets/WizardNav.stories-Ctea_vc7.js
│  10.81 kB │ gzip:   2.90 kB
│  Vite storybook-static/assets/SideNavigation.stories-_XEiJMVO.js
│  10.91 kB │ gzip:   2.77 kB
│  Vite storybook-static/assets/InfoCard.stories-Ck-W9YEw.js
│  11.21 kB │ gzip:   3.00 kB
│  Vite storybook-static/assets/PopoverTrigger-VhmbDdEg.js
│  11.67 kB │ gzip:   4.82 kB
│  Vite storybook-static/assets/ContainerLayouts.stories-BRoE35A0.js
│  11.74 kB │ gzip:   3.52 kB
│  Vite storybook-static/assets/TagGroup-CrtZ3X8H.js
│  11.79 kB │ gzip:   3.51 kB
│  Vite storybook-static/assets/CommandBar.stories-Hsim6oXt.js
│  12.62 kB │ gzip:   2.89 kB
│  Vite storybook-static/assets/Badge-DILzJzb1.js
│  12.66 kB │ gzip:   3.26 kB
│  Vite storybook-static/assets/ResourceListPage.stories-CAf76rZZ.js
│  13.29 kB │ gzip:   4.49 kB
│  Vite storybook-static/assets/useInputStyles.styles-BvpoFXNc.js
│  13.35 kB │ gzip:   3.70 kB
│  Vite storybook-static/assets/Select.stories-CsjTZEmC.js
│  15.55 kB │ gzip:   5.10 kB
│  Vite storybook-static/assets/Tag-yi2F3l3l.js
│  16.43 kB │ gzip:   4.26 kB
│  Vite storybook-static/assets/Switch.stories-CJSxkF5A.js
│  16.48 kB │ gzip:   4.20 kB
│  Vite storybook-static/assets/MenuTrigger-Cqc0kTbo.js
│  18.11 kB │ gzip:   7.29 kB
│  Vite storybook-static/assets/Dropdown-zK61tY3L.js
│  18.18 kB │ gzip:   5.86 kB
│  Vite storybook-static/assets/ContextPane.stories-DhP0ROHo.js
│  18.22 kB │ gzip:   4.88 kB
│  Vite storybook-static/assets/ServiceFlyout.stories-Cihc4EvO.js
│  18.35 kB │ gzip:   5.16 kB
│  Vite storybook-static/assets/Slider.stories-DQtU7Bd2.js
│  18.35 kB │ gzip:   5.84 kB
│  Vite storybook-static/assets/MenuList-Dx5IaOFu.js
│  19.55 kB │ gzip:   5.59 kB
│  Vite storybook-static/assets/Combobox.stories-Djs9PYUs.js
│  22.07 kB │ gzip:   7.44 kB
│  Vite storybook-static/assets/Tag.stories-BKkxD-zR.js
│  22.96 kB │ gzip:   6.15 kB
│  Vite storybook-static/assets/Avatar-wBajiYDP.js
│  23.45 kB │ gzip:   6.81 kB
│  Vite storybook-static/assets/makeStyles.esm-CnUXlRR_.js
│  23.81 kB │ gzip:   8.49 kB
│  Vite storybook-static/assets/useTriggerSlot-DquOBVgO.js
│  25.32 kB │ gzip:   8.77 kB
│  Vite storybook-static/assets/useButtonStyles.styles-clwv4Nov.js
│  25.93 kB │ gzip:   5.89 kB
│  Vite storybook-static/assets/Dialog.stories-Da774m9_.js
│  26.97 kB │ gzip:   7.58 kB
│  Vite storybook-static/vite-inject-mocker-entry.js
│  28.53 kB │ gzip:   9.94 kB
│  Vite storybook-static/assets/usePositioning-C56Ummdt.js
│  29.14 kB │ gzip:  10.58 kB
│  Vite storybook-static/assets/matchers-5TDFFDYO-BEZorklP.js
│  29.38 kB │ gzip:  10.07 kB
│  Vite storybook-static/assets/Color-6BZIO3FS-8kqNIzmK.js
│  30.10 kB │ gzip:  11.36 kB
│  Vite storybook-static/assets/WithTooltip-65CFNBJE-BOkU4iQp.js
│  33.10 kB │ gzip:  11.62 kB
│  Vite storybook-static/assets/PageTabs.stories-Bf3gkyuW.js
│  35.77 kB │ gzip:   9.87 kB
│  Vite storybook-static/assets/Input.stories-C2mBH-40.js
│  40.06 kB │ gzip:  11.30 kB
│  Vite storybook-static/assets/DataGridHeaderCell-CxLIKd5O.js
│  40.60 kB │ gzip:  12.68 kB
│  Vite storybook-static/assets/Card.stories-CkS6rSL8.js
│  40.60 kB │ gzip:  11.08 kB
│  Vite storybook-static/assets/Button.stories-CZoxT_NT.js
│  44.72 kB │ gzip:  10.04 kB
│  Vite storybook-static/assets/syntaxhighlighter-ED5Y7EFY-3KPqfGV0.js
│  77.98 kB │ gzip:  27.30 kB
│  Vite storybook-static/assets/useTabsterAttributes-DlYuHhd0.js
│  80.62 kB │ gzip:  22.34 kB
│  Vite storybook-static/assets/axe-Ciens4Wf.js
│  580.46 kB │ gzip: 159.94 kB
│  Vite storybook-static/assets/iframe-HakNIZBI.js
│  2,352.72 kB │ gzip: 696.00 kB
│
▲  Vite
│  (!) Some chunks are larger than 500 kB after minification. Consider:
│  - Using dynamic import() to code-split the application
│  - Use build.rollupOptions.output.manualChunks to improve chunking:
│  ]8;;https://rollupjs.org/configuration-options/#output-manualchunkshttps://rollupjs.org/configuration-options/#output-manualchunks]8;;
│  - Adjust chunk size limit for this warning via
│  build.chunkSizeWarningLimit.
│  Vite ✓ built in 4.57s
│
◇  Output directory: /private/tmp/design-system-skins/storybook-static
│
└  Storybook build completed successfully

